<?xml version="1.0" encoding="UTF-8"?>
<!-- Generated by org.testng.reporters.JUnitXMLReporter -->
<testsuite hostname="LAPTOP-2HJED94A" ignored="0" name="sampleAndroid" tests="3" failures="0" timestamp="12 May 2019 17:26:39 GMT" time="15.531" errors="0">
  <testcase name="test1" time="3.276" classname="org.hf.experi.androidtestcases.SignInTest"/>
  <testcase name="test2" time="1.529" classname="org.hf.experi.androidtestcases.SignInTest"/>
  <testcase name="test3" time="10.104" classname="org.hf.experi.androidtestcases.SignInTest"/>
</testsuite> <!-- sampleAndroid -->
