<?xml version="1.0" encoding="UTF-8"?>
<testng-results skipped="0" failed="0" ignored="0" total="3" passed="3">
  <reporter-output>
  </reporter-output>
  <suite name="Automation" duration-ms="15531" started-at="2019-05-12T17:26:23Z" finished-at="2019-05-12T17:26:39Z">
    <groups>
    </groups>
    <test name="sampleAndroid" duration-ms="15531" started-at="2019-05-12T17:26:23Z" finished-at="2019-05-12T17:26:39Z">
      <class name="org.hf.experi.androidtestcases.SignInTest">
        <test-method status="PASS" signature="setUp()[pri:0, instance:org.hf.experi.androidtestcases.SignInTest@4bbfb90a]" name="setUp" is-config="true" duration-ms="38526" started-at="2019-05-12T13:25:45Z" finished-at="2019-05-12T13:26:23Z">
          <reporter-output>
          </reporter-output>
        </test-method> <!-- setUp -->
        <test-method status="PASS" signature="test1()[pri:0, instance:org.hf.experi.androidtestcases.SignInTest@4bbfb90a]" name="test1" duration-ms="3276" started-at="2019-05-12T13:26:24Z" finished-at="2019-05-12T13:26:27Z">
          <reporter-output>
          </reporter-output>
        </test-method> <!-- test1 -->
        <test-method status="PASS" signature="test2()[pri:0, instance:org.hf.experi.androidtestcases.SignInTest@4bbfb90a]" name="test2" duration-ms="1529" started-at="2019-05-12T13:26:27Z" finished-at="2019-05-12T13:26:29Z">
          <reporter-output>
          </reporter-output>
        </test-method> <!-- test2 -->
        <test-method status="PASS" signature="test3()[pri:0, instance:org.hf.experi.androidtestcases.SignInTest@4bbfb90a]" name="test3" duration-ms="10104" started-at="2019-05-12T13:26:29Z" finished-at="2019-05-12T13:26:39Z">
          <reporter-output>
          </reporter-output>
        </test-method> <!-- test3 -->
        <test-method status="PASS" signature="tearDown()[pri:0, instance:org.hf.experi.androidtestcases.SignInTest@4bbfb90a]" name="tearDown" is-config="true" duration-ms="0" started-at="2019-05-12T13:26:40Z" finished-at="2019-05-12T13:26:40Z">
          <reporter-output>
          </reporter-output>
        </test-method> <!-- tearDown -->
      </class> <!-- org.hf.experi.androidtestcases.SignInTest -->
    </test> <!-- sampleAndroid -->
  </suite> <!-- Automation -->
</testng-results>
